{"C:\\Users\\USUARIO.DESKTOP-5IT2SHL\\Desktop\\PROYECTOS\\Pruebas\\modastyle-front-testing\\src\\pages\\Productos.jsx": {"path":"C:\\Users\\USUARIO.DESKTOP-5IT2SHL\\Desktop\\PROYECTOS\\Pruebas\\modastyle-front-testing\\src\\pages\\Productos.jsx","statementMap":{"0":{"start":{"line":7,"column":21},"end":{"line":7,"column":58}},"1":{"start":{"line":8,"column":23},"end":{"line":8,"column":61}},"2":{"start":{"line":9,"column":18},"end":{"line":9,"column":20}},"3":{"start":{"line":12,"column":36},"end":{"line":12,"column":48}},"4":{"start":{"line":13,"column":38},"end":{"line":13,"column":50}},"5":{"start":{"line":14,"column":28},"end":{"line":14,"column":40}},"6":{"start":{"line":15,"column":26},"end":{"line":15,"column":37}},"7":{"start":{"line":16,"column":38},"end":{"line":16,"column":49}},"8":{"start":{"line":17,"column":32},"end":{"line":17,"column":47}},"9":{"start":{"line":19,"column":52},"end":{"line":19,"column":67}},"10":{"start":{"line":20,"column":54},"end":{"line":20,"column":69}},"11":{"start":{"line":21,"column":48},"end":{"line":21,"column":62}},"12":{"start":{"line":23,"column":26},"end":{"line":30,"column":3}},"13":{"start":{"line":24,"column":4},"end":{"line":29,"column":5}},"14":{"start":{"line":25,"column":18},"end":{"line":25,"column":49}},"15":{"start":{"line":26,"column":6},"end":{"line":26,"column":36}},"16":{"start":{"line":28,"column":6},"end":{"line":28,"column":54}},"17":{"start":{"line":32,"column":25},"end":{"line":59,"column":3}},"18":{"start":{"line":33,"column":4},"end":{"line":33,"column":21}},"19":{"start":{"line":34,"column":4},"end":{"line":58,"column":5}},"20":{"start":{"line":35,"column":18},"end":{"line":35,"column":47}},"21":{"start":{"line":36,"column":18},"end":{"line":36,"column":32}},"22":{"start":{"line":37,"column":23},"end":{"line":46,"column":8}},"23":{"start":{"line":38,"column":8},"end":{"line":38,"column":32}},"24":{"start":{"line":38,"column":20},"end":{"line":38,"column":32}},"25":{"start":{"line":39,"column":18},"end":{"line":39,"column":37}},"26":{"start":{"line":40,"column":8},"end":{"line":45,"column":10}},"27":{"start":{"line":48,"column":20},"end":{"line":48,"column":71}},"28":{"start":{"line":49,"column":6},"end":{"line":49,"column":27}},"29":{"start":{"line":50,"column":6},"end":{"line":50,"column":35}},"30":{"start":{"line":50,"column":24},"end":{"line":50,"column":35}},"31":{"start":{"line":51,"column":20},"end":{"line":51,"column":42}},"32":{"start":{"line":52,"column":24},"end":{"line":52,"column":64}},"33":{"start":{"line":53,"column":6},"end":{"line":53,"column":30}},"34":{"start":{"line":55,"column":6},"end":{"line":55,"column":53}},"35":{"start":{"line":57,"column":6},"end":{"line":57,"column":24}},"36":{"start":{"line":61,"column":2},"end":{"line":63,"column":9}},"37":{"start":{"line":62,"column":4},"end":{"line":62,"column":22}},"38":{"start":{"line":65,"column":2},"end":{"line":67,"column":20}},"39":{"start":{"line":66,"column":4},"end":{"line":66,"column":21}},"40":{"start":{"line":69,"column":29},"end":{"line":93,"column":3}},"41":{"start":{"line":70,"column":4},"end":{"line":92,"column":5}},"42":{"start":{"line":71,"column":19},"end":{"line":71,"column":33}},"43":{"start":{"line":72,"column":23},"end":{"line":72,"column":89}},"44":{"start":{"line":73,"column":6},"end":{"line":73,"column":40}},"45":{"start":{"line":74,"column":6},"end":{"line":74,"column":56}},"46":{"start":{"line":74,"column":22},"end":{"line":74,"column":56}},"47":{"start":{"line":76,"column":6},"end":{"line":84,"column":7}},"48":{"start":{"line":77,"column":20},"end":{"line":79,"column":10}},"49":{"start":{"line":81,"column":20},"end":{"line":83,"column":10}},"50":{"start":{"line":86,"column":6},"end":{"line":86,"column":29}},"51":{"start":{"line":87,"column":6},"end":{"line":87,"column":34}},"52":{"start":{"line":88,"column":6},"end":{"line":88,"column":31}},"53":{"start":{"line":90,"column":6},"end":{"line":90,"column":50}},"54":{"start":{"line":91,"column":6},"end":{"line":91,"column":64}},"55":{"start":{"line":95,"column":31},"end":{"line":104,"column":3}},"56":{"start":{"line":96,"column":4},"end":{"line":96,"column":82}},"57":{"start":{"line":96,"column":75},"end":{"line":96,"column":82}},"58":{"start":{"line":97,"column":4},"end":{"line":103,"column":5}},"59":{"start":{"line":98,"column":6},"end":{"line":98,"column":50}},"60":{"start":{"line":99,"column":6},"end":{"line":99,"column":29}},"61":{"start":{"line":101,"column":6},"end":{"line":101,"column":25}},"62":{"start":{"line":102,"column":6},"end":{"line":102,"column":34}},"63":{"start":{"line":106,"column":29},"end":{"line":119,"column":3}},"64":{"start":{"line":107,"column":4},"end":{"line":118,"column":5}},"65":{"start":{"line":108,"column":22},"end":{"line":108,"column":63}},"66":{"start":{"line":109,"column":19},"end":{"line":109,"column":33}},"67":{"start":{"line":110,"column":6},"end":{"line":110,"column":97}},"68":{"start":{"line":111,"column":6},"end":{"line":113,"column":9}},"69":{"start":{"line":114,"column":6},"end":{"line":114,"column":29}},"70":{"start":{"line":116,"column":6},"end":{"line":116,"column":25}},"71":{"start":{"line":117,"column":6},"end":{"line":117,"column":40}},"72":{"start":{"line":121,"column":28},"end":{"line":136,"column":3}},"73":{"start":{"line":122,"column":4},"end":{"line":135,"column":5}},"74":{"start":{"line":123,"column":18},"end":{"line":123,"column":58}},"75":{"start":{"line":124,"column":19},"end":{"line":124,"column":27}},"76":{"start":{"line":125,"column":6},"end":{"line":125,"column":36}},"77":{"start":{"line":126,"column":19},"end":{"line":126,"column":33}},"78":{"start":{"line":127,"column":6},"end":{"line":127,"column":94}},"79":{"start":{"line":128,"column":6},"end":{"line":130,"column":9}},"80":{"start":{"line":131,"column":6},"end":{"line":131,"column":29}},"81":{"start":{"line":133,"column":6},"end":{"line":133,"column":25}},"82":{"start":{"line":134,"column":6},"end":{"line":134,"column":41}},"83":{"start":{"line":138,"column":32},"end":{"line":140,"column":3}},"84":{"start":{"line":139,"column":4},"end":{"line":139,"column":28}},"85":{"start":{"line":142,"column":2},"end":{"line":285,"column":4}},"86":{"start":{"line":149,"column":29},"end":{"line":149,"column":56}},"87":{"start":{"line":155,"column":31},"end":{"line":155,"column":56}},"88":{"start":{"line":155,"column":57},"end":{"line":155,"column":84}},"89":{"start":{"line":167,"column":31},"end":{"line":167,"column":56}},"90":{"start":{"line":167,"column":57},"end":{"line":167,"column":68}},"91":{"start":{"line":194,"column":22},"end":{"line":237,"column":27}},"92":{"start":{"line":202,"column":44},"end":{"line":202,"column":74}},"93":{"start":{"line":203,"column":30},"end":{"line":203,"column":95}},"94":{"start":{"line":203,"column":50},"end":{"line":203,"column":95}},"95":{"start":{"line":217,"column":88},"end":{"line":217,"column":109}},"96":{"start":{"line":223,"column":45},"end":{"line":223,"column":67}},"97":{"start":{"line":223,"column":68},"end":{"line":223,"column":95}},"98":{"start":{"line":230,"column":43},"end":{"line":230,"column":77}},"99":{"start":{"line":248,"column":33},"end":{"line":248,"column":71}},"100":{"start":{"line":248,"column":49},"end":{"line":248,"column":70}},"101":{"start":{"line":255,"column":33},"end":{"line":255,"column":80}},"102":{"start":{"line":255,"column":49},"end":{"line":255,"column":79}},"103":{"start":{"line":270,"column":27},"end":{"line":270,"column":55}},"104":{"start":{"line":270,"column":56},"end":{"line":270,"column":81}},"105":{"start":{"line":280,"column":25},"end":{"line":280,"column":53}},"106":{"start":{"line":281,"column":35},"end":{"line":281,"column":64}},"107":{"start":{"line":281,"column":65},"end":{"line":281,"column":95}}},"fnMap":{"0":{"name":"Productos","decl":{"start":{"line":11,"column":24},"end":{"line":11,"column":33}},"loc":{"start":{"line":11,"column":36},"end":{"line":286,"column":1}},"line":11},"1":{"name":"(anonymous_1)","decl":{"start":{"line":23,"column":26},"end":{"line":23,"column":27}},"loc":{"start":{"line":23,"column":38},"end":{"line":30,"column":3}},"line":23},"2":{"name":"(anonymous_2)","decl":{"start":{"line":32,"column":25},"end":{"line":32,"column":26}},"loc":{"start":{"line":32,"column":37},"end":{"line":59,"column":3}},"line":32},"3":{"name":"(anonymous_3)","decl":{"start":{"line":37,"column":34},"end":{"line":37,"column":35}},"loc":{"start":{"line":37,"column":39},"end":{"line":46,"column":7}},"line":37},"4":{"name":"(anonymous_4)","decl":{"start":{"line":61,"column":12},"end":{"line":61,"column":13}},"loc":{"start":{"line":61,"column":18},"end":{"line":63,"column":3}},"line":61},"5":{"name":"(anonymous_5)","decl":{"start":{"line":65,"column":12},"end":{"line":65,"column":13}},"loc":{"start":{"line":65,"column":18},"end":{"line":67,"column":3}},"line":65},"6":{"name":"(anonymous_6)","decl":{"start":{"line":69,"column":29},"end":{"line":69,"column":30}},"loc":{"start":{"line":69,"column":61},"end":{"line":93,"column":3}},"line":69},"7":{"name":"(anonymous_7)","decl":{"start":{"line":95,"column":31},"end":{"line":95,"column":32}},"loc":{"start":{"line":95,"column":45},"end":{"line":104,"column":3}},"line":95},"8":{"name":"(anonymous_8)","decl":{"start":{"line":106,"column":29},"end":{"line":106,"column":30}},"loc":{"start":{"line":106,"column":49},"end":{"line":119,"column":3}},"line":106},"9":{"name":"(anonymous_9)","decl":{"start":{"line":121,"column":28},"end":{"line":121,"column":29}},"loc":{"start":{"line":121,"column":52},"end":{"line":136,"column":3}},"line":121},"10":{"name":"(anonymous_10)","decl":{"start":{"line":138,"column":32},"end":{"line":138,"column":33}},"loc":{"start":{"line":138,"column":44},"end":{"line":140,"column":3}},"line":138},"11":{"name":"(anonymous_11)","decl":{"start":{"line":149,"column":23},"end":{"line":149,"column":24}},"loc":{"start":{"line":149,"column":29},"end":{"line":149,"column":56}},"line":149},"12":{"name":"(anonymous_12)","decl":{"start":{"line":155,"column":23},"end":{"line":155,"column":24}},"loc":{"start":{"line":155,"column":29},"end":{"line":155,"column":86}},"line":155},"13":{"name":"(anonymous_13)","decl":{"start":{"line":167,"column":24},"end":{"line":167,"column":25}},"loc":{"start":{"line":167,"column":29},"end":{"line":167,"column":70}},"line":167},"14":{"name":"(anonymous_14)","decl":{"start":{"line":193,"column":35},"end":{"line":193,"column":36}},"loc":{"start":{"line":194,"column":22},"end":{"line":237,"column":27}},"line":194},"15":{"name":"(anonymous_15)","decl":{"start":{"line":201,"column":37},"end":{"line":201,"column":38}},"loc":{"start":{"line":201,"column":49},"end":{"line":204,"column":29}},"line":201},"16":{"name":"(anonymous_16)","decl":{"start":{"line":217,"column":82},"end":{"line":217,"column":83}},"loc":{"start":{"line":217,"column":88},"end":{"line":217,"column":109}},"line":217},"17":{"name":"(anonymous_17)","decl":{"start":{"line":223,"column":37},"end":{"line":223,"column":38}},"loc":{"start":{"line":223,"column":43},"end":{"line":223,"column":97}},"line":223},"18":{"name":"(anonymous_18)","decl":{"start":{"line":230,"column":37},"end":{"line":230,"column":38}},"loc":{"start":{"line":230,"column":43},"end":{"line":230,"column":77}},"line":230},"19":{"name":"(anonymous_19)","decl":{"start":{"line":248,"column":27},"end":{"line":248,"column":28}},"loc":{"start":{"line":248,"column":33},"end":{"line":248,"column":71}},"line":248},"20":{"name":"(anonymous_20)","decl":{"start":{"line":248,"column":41},"end":{"line":248,"column":42}},"loc":{"start":{"line":248,"column":49},"end":{"line":248,"column":70}},"line":248},"21":{"name":"(anonymous_21)","decl":{"start":{"line":255,"column":27},"end":{"line":255,"column":28}},"loc":{"start":{"line":255,"column":33},"end":{"line":255,"column":80}},"line":255},"22":{"name":"(anonymous_22)","decl":{"start":{"line":255,"column":41},"end":{"line":255,"column":42}},"loc":{"start":{"line":255,"column":49},"end":{"line":255,"column":79}},"line":255},"23":{"name":"(anonymous_23)","decl":{"start":{"line":270,"column":19},"end":{"line":270,"column":20}},"loc":{"start":{"line":270,"column":25},"end":{"line":270,"column":83}},"line":270},"24":{"name":"(anonymous_24)","decl":{"start":{"line":280,"column":19},"end":{"line":280,"column":20}},"loc":{"start":{"line":280,"column":25},"end":{"line":280,"column":53}},"line":280},"25":{"name":"(anonymous_25)","decl":{"start":{"line":281,"column":21},"end":{"line":281,"column":22}},"loc":{"start":{"line":281,"column":33},"end":{"line":281,"column":97}},"line":281}},"branchMap":{"0":{"loc":{"start":{"line":26,"column":20},"end":{"line":26,"column":34}},"type":"binary-expr","locations":[{"start":{"line":26,"column":20},"end":{"line":26,"column":28}},{"start":{"line":26,"column":32},"end":{"line":26,"column":34}}],"line":26},"1":{"loc":{"start":{"line":36,"column":18},"end":{"line":36,"column":32}},"type":"binary-expr","locations":[{"start":{"line":36,"column":18},"end":{"line":36,"column":26}},{"start":{"line":36,"column":30},"end":{"line":36,"column":32}}],"line":36},"2":{"loc":{"start":{"line":38,"column":8},"end":{"line":38,"column":32}},"type":"if","locations":[{"start":{"line":38,"column":8},"end":{"line":38,"column":32}},{"start":{},"end":{}}],"line":38},"3":{"loc":{"start":{"line":41,"column":10},"end":{"line":44,"column":63}},"type":"binary-expr","locations":[{"start":{"line":41,"column":10},"end":{"line":41,"column":80}},{"start":{"line":42,"column":10},"end":{"line":42,"column":69}},{"start":{"line":43,"column":10},"end":{"line":43,"column":63}},{"start":{"line":44,"column":10},"end":{"line":44,"column":63}}],"line":41},"4":{"loc":{"start":{"line":41,"column":11},"end":{"line":41,"column":41}},"type":"binary-expr","locations":[{"start":{"line":41,"column":11},"end":{"line":41,"column":21}},{"start":{"line":41,"column":25},"end":{"line":41,"column":35}},{"start":{"line":41,"column":39},"end":{"line":41,"column":41}}],"line":41},"5":{"loc":{"start":{"line":42,"column":11},"end":{"line":42,"column":30}},"type":"binary-expr","locations":[{"start":{"line":42,"column":11},"end":{"line":42,"column":24}},{"start":{"line":42,"column":28},"end":{"line":42,"column":30}}],"line":42},"6":{"loc":{"start":{"line":43,"column":11},"end":{"line":43,"column":24}},"type":"binary-expr","locations":[{"start":{"line":43,"column":11},"end":{"line":43,"column":18}},{"start":{"line":43,"column":22},"end":{"line":43,"column":24}}],"line":43},"7":{"loc":{"start":{"line":44,"column":11},"end":{"line":44,"column":24}},"type":"binary-expr","locations":[{"start":{"line":44,"column":11},"end":{"line":44,"column":18}},{"start":{"line":44,"column":22},"end":{"line":44,"column":24}}],"line":44},"8":{"loc":{"start":{"line":50,"column":6},"end":{"line":50,"column":35}},"type":"if","locations":[{"start":{"line":50,"column":6},"end":{"line":50,"column":35}},{"start":{},"end":{}}],"line":50},"9":{"loc":{"start":{"line":74,"column":6},"end":{"line":74,"column":56}},"type":"if","locations":[{"start":{"line":74,"column":6},"end":{"line":74,"column":56}},{"start":{},"end":{}}],"line":74},"10":{"loc":{"start":{"line":76,"column":6},"end":{"line":84,"column":7}},"type":"if","locations":[{"start":{"line":76,"column":6},"end":{"line":84,"column":7}},{"start":{"line":80,"column":13},"end":{"line":84,"column":7}}],"line":76},"11":{"loc":{"start":{"line":96,"column":4},"end":{"line":96,"column":82}},"type":"if","locations":[{"start":{"line":96,"column":4},"end":{"line":96,"column":82}},{"start":{},"end":{}}],"line":96},"12":{"loc":{"start":{"line":175,"column":13},"end":{"line":242,"column":13}},"type":"cond-expr","locations":[{"start":{"line":176,"column":14},"end":{"line":176,"column":64}},{"start":{"line":178,"column":14},"end":{"line":241,"column":20}}],"line":175},"13":{"loc":{"start":{"line":194,"column":31},"end":{"line":194,"column":50}},"type":"binary-expr","locations":[{"start":{"line":194,"column":31},"end":{"line":194,"column":43}},{"start":{"line":194,"column":47},"end":{"line":194,"column":50}}],"line":194},"14":{"loc":{"start":{"line":196,"column":59},"end":{"line":196,"column":83}},"type":"binary-expr","locations":[{"start":{"line":196,"column":59},"end":{"line":196,"column":69}},{"start":{"line":196,"column":73},"end":{"line":196,"column":83}}],"line":196},"15":{"loc":{"start":{"line":197,"column":62},"end":{"line":197,"column":92}},"type":"binary-expr","locations":[{"start":{"line":197,"column":62},"end":{"line":197,"column":75}},{"start":{"line":197,"column":79},"end":{"line":197,"column":92}}],"line":197},"16":{"loc":{"start":{"line":203,"column":30},"end":{"line":203,"column":95}},"type":"if","locations":[{"start":{"line":203,"column":30},"end":{"line":203,"column":95}},{"start":{},"end":{}}],"line":203},"17":{"loc":{"start":{"line":218,"column":55},"end":{"line":218,"column":87}},"type":"cond-expr","locations":[{"start":{"line":218,"column":66},"end":{"line":218,"column":74}},{"start":{"line":218,"column":77},"end":{"line":218,"column":87}}],"line":218},"18":{"loc":{"start":{"line":267,"column":7},"end":{"line":275,"column":7}},"type":"binary-expr","locations":[{"start":{"line":267,"column":7},"end":{"line":267,"column":24}},{"start":{"line":268,"column":8},"end":{"line":274,"column":10}}],"line":267},"19":{"loc":{"start":{"line":277,"column":7},"end":{"line":283,"column":7}},"type":"binary-expr","locations":[{"start":{"line":277,"column":7},"end":{"line":277,"column":25}},{"start":{"line":278,"column":8},"end":{"line":282,"column":10}}],"line":277}},"s":{"0":1,"1":1,"2":1,"3":3,"4":3,"5":3,"6":3,"7":3,"8":3,"9":3,"10":3,"11":3,"12":3,"13":1,"14":1,"15":1,"16":0,"17":3,"18":1,"19":1,"20":1,"21":1,"22":1,"23":1,"24":1,"25":0,"26":0,"27":1,"28":1,"29":1,"30":0,"31":1,"32":1,"33":1,"34":0,"35":1,"36":3,"37":1,"38":3,"39":1,"40":3,"41":0,"42":0,"43":0,"44":0,"45":0,"46":0,"47":0,"48":0,"49":0,"50":0,"51":0,"52":0,"53":0,"54":0,"55":3,"56":0,"57":0,"58":0,"59":0,"60":0,"61":0,"62":0,"63":3,"64":0,"65":0,"66":0,"67":0,"68":0,"69":0,"70":0,"71":0,"72":3,"73":0,"74":0,"75":0,"76":0,"77":0,"78":0,"79":0,"80":0,"81":0,"82":0,"83":3,"84":0,"85":3,"86":0,"87":0,"88":0,"89":0,"90":0,"91":1,"92":0,"93":0,"94":0,"95":0,"96":0,"97":0,"98":0,"99":0,"100":0,"101":0,"102":0,"103":0,"104":0,"105":0,"106":0,"107":0},"f":{"0":3,"1":1,"2":1,"3":1,"4":1,"5":1,"6":0,"7":0,"8":0,"9":0,"10":0,"11":0,"12":0,"13":0,"14":1,"15":0,"16":0,"17":0,"18":0,"19":0,"20":0,"21":0,"22":0,"23":0,"24":0,"25":0},"b":{"0":[1,0],"1":[1,0],"2":[1,0],"3":[0,0,0,0],"4":[0,0,0],"5":[0,0],"6":[0,0],"7":[0,0],"8":[0,1],"9":[0,0],"10":[0,0],"11":[0,0],"12":[1,2],"13":[1,0],"14":[1,0],"15":[1,0],"16":[0,0],"17":[1,0],"18":[3,0],"19":[3,0]},"_coverageSchema":"1a1c01bbd47fc00a2c39e90264f33305004495a9","hash":"54cc820f0060cfd5a2b6521b331dcab744d200a8"}
}
