TN:
SF:src\pages\Productos.jsx
FN:11,Productos
FN:23,(anonymous_1)
FN:32,(anonymous_2)
FN:37,(anonymous_3)
FN:61,(anonymous_4)
FN:65,(anonymous_5)
FN:69,(anonymous_6)
FN:95,(anonymous_7)
FN:106,(anonymous_8)
FN:121,(anonymous_9)
FN:138,(anonymous_10)
FN:149,(anonymous_11)
FN:155,(anonymous_12)
FN:167,(anonymous_13)
FN:193,(anonymous_14)
FN:201,(anonymous_15)
FN:217,(anonymous_16)
FN:223,(anonymous_17)
FN:230,(anonymous_18)
FN:248,(anonymous_19)
FN:248,(anonymous_20)
FN:255,(anonymous_21)
FN:255,(anonymous_22)
FN:270,(anonymous_23)
FN:280,(anonymous_24)
FN:281,(anonymous_25)
FNF:26
FNH:7
FNDA:3,Productos
FNDA:1,(anonymous_1)
FNDA:1,(anonymous_2)
FNDA:1,(anonymous_3)
FNDA:1,(anonymous_4)
FNDA:1,(anonymous_5)
FNDA:0,(anonymous_6)
FNDA:0,(anonymous_7)
FNDA:0,(anonymous_8)
FNDA:0,(anonymous_9)
FNDA:0,(anonymous_10)
FNDA:0,(anonymous_11)
FNDA:0,(anonymous_12)
FNDA:0,(anonymous_13)
FNDA:1,(anonymous_14)
FNDA:0,(anonymous_15)
FNDA:0,(anonymous_16)
FNDA:0,(anonymous_17)
FNDA:0,(anonymous_18)
FNDA:0,(anonymous_19)
FNDA:0,(anonymous_20)
FNDA:0,(anonymous_21)
FNDA:0,(anonymous_22)
FNDA:0,(anonymous_23)
FNDA:0,(anonymous_24)
FNDA:0,(anonymous_25)
DA:7,1
DA:8,1
DA:9,1
DA:12,3
DA:13,3
DA:14,3
DA:15,3
DA:16,3
DA:17,3
DA:19,3
DA:20,3
DA:21,3
DA:23,3
DA:24,1
DA:25,1
DA:26,1
DA:28,0
DA:32,3
DA:33,1
DA:34,1
DA:35,1
DA:36,1
DA:37,1
DA:38,1
DA:39,0
DA:40,0
DA:48,1
DA:49,1
DA:50,1
DA:51,1
DA:52,1
DA:53,1
DA:55,0
DA:57,1
DA:61,3
DA:62,1
DA:65,3
DA:66,1
DA:69,3
DA:70,0
DA:71,0
DA:72,0
DA:73,0
DA:74,0
DA:76,0
DA:77,0
DA:81,0
DA:86,0
DA:87,0
DA:88,0
DA:90,0
DA:91,0
DA:95,3
DA:96,0
DA:97,0
DA:98,0
DA:99,0
DA:101,0
DA:102,0
DA:106,3
DA:107,0
DA:108,0
DA:109,0
DA:110,0
DA:111,0
DA:114,0
DA:116,0
DA:117,0
DA:121,3
DA:122,0
DA:123,0
DA:124,0
DA:125,0
DA:126,0
DA:127,0
DA:128,0
DA:131,0
DA:133,0
DA:134,0
DA:138,3
DA:139,0
DA:142,3
DA:149,0
DA:155,0
DA:167,0
DA:194,1
DA:202,0
DA:203,0
DA:217,0
DA:223,0
DA:230,0
DA:248,0
DA:255,0
DA:270,0
DA:280,0
DA:281,0
LF:96
LH:41
BRDA:26,0,0,1
BRDA:26,0,1,0
BRDA:36,1,0,1
BRDA:36,1,1,0
BRDA:38,2,0,1
BRDA:38,2,1,0
BRDA:41,3,0,0
BRDA:41,3,1,0
BRDA:41,3,2,0
BRDA:41,3,3,0
BRDA:41,4,0,0
BRDA:41,4,1,0
BRDA:41,4,2,0
BRDA:42,5,0,0
BRDA:42,5,1,0
BRDA:43,6,0,0
BRDA:43,6,1,0
BRDA:44,7,0,0
BRDA:44,7,1,0
BRDA:50,8,0,0
BRDA:50,8,1,1
BRDA:74,9,0,0
BRDA:74,9,1,0
BRDA:76,10,0,0
BRDA:76,10,1,0
BRDA:96,11,0,0
BRDA:96,11,1,0
BRDA:175,12,0,1
BRDA:175,12,1,2
BRDA:194,13,0,1
BRDA:194,13,1,0
BRDA:196,14,0,1
BRDA:196,14,1,0
BRDA:197,15,0,1
BRDA:197,15,1,0
BRDA:203,16,0,0
BRDA:203,16,1,0
BRDA:218,17,0,1
BRDA:218,17,1,0
BRDA:267,18,0,3
BRDA:267,18,1,0
BRDA:277,19,0,3
BRDA:277,19,1,0
BRF:43
BRH:12
end_of_record
